Drill report for beginer.kicad_pcb
Created on 2024-10-17T22:56:53+0700

Copper Layer Stackup:
    =============================================================
    L1 :  F.Cu                      front
    L2 :  B.Cu                      back


Drill file 'beginer-PTH-drl.gbr' contains
    plated through holes:
    =============================================================
    T1  0.700mm  0.0276"  (6 holes)
    T2  0.800mm  0.0315"  (6 holes)
    T3  0.900mm  0.0354"  (2 holes)
    T4  1.000mm  0.0394"  (16 holes)  (with 3 slots)
    T5  1.100mm  0.0433"  (6 holes)
    T6  1.200mm  0.0472"  (4 holes)

    Total plated holes count 40


Drill file 'beginer-NPTH-drl.gbr' contains
    unplated through holes:
    =============================================================

    Total unplated holes count 0
